2022-01-13 17:06:42 [main] INFO  c.a.c.s.d.c.g.GatewayApiControllerTest - Starting GatewayApiControllerTest on WIN-FTC1UNRSSVA with PID 10632 (started by Administrator in D:\project\Sentinel-1.8.0\sentinel-dashboard)
2022-01-13 17:06:42 [main] INFO  c.a.c.s.d.c.g.GatewayApiControllerTest - No active profile set, falling back to default profiles: default
2022-01-13 17:06:42 [main] INFO  o.s.w.c.s.GenericWebApplicationContext - Refreshing org.springframework.web.context.support.GenericWebApplicationContext@7c51f34b: startup date [Thu Jan 13 17:06:42 CST 2022]; root of context hierarchy
2022-01-13 17:06:43 [main] INFO  c.a.c.s.dashboard.config.WebConfig - Sentinel servlet CommonFilter registered
2022-01-13 17:06:43 [main] INFO  o.s.w.s.h.SimpleUrlHandlerMapping - Mapped URL path [/**/favicon.ico] onto handler of type [class org.springframework.web.servlet.resource.ResourceHttpRequestHandler]
2022-01-13 17:06:44 [main] INFO  o.s.w.s.m.m.a.RequestMappingHandlerAdapter - Looking for @ControllerAdvice: org.springframework.web.context.support.GenericWebApplicationContext@7c51f34b: startup date [Thu Jan 13 17:06:42 CST 2022]; root of context hierarchy
2022-01-13 17:06:44 [main] INFO  o.s.w.s.m.m.a.RequestMappingHandlerMapping - Mapped "{[/gateway/api/list.json],methods=[GET]}" onto public com.alibaba.csp.sentinel.dashboard.domain.Result<java.util.List<com.alibaba.csp.sentinel.dashboard.datasource.entity.gateway.ApiDefinitionEntity>> com.alibaba.csp.sentinel.dashboard.controller.gateway.GatewayApiController.queryApis(java.lang.String,java.lang.String,java.lang.Integer)
2022-01-13 17:06:44 [main] INFO  o.s.w.s.m.m.a.RequestMappingHandlerMapping - Mapped "{[/gateway/api/new.json],methods=[POST]}" onto public com.alibaba.csp.sentinel.dashboard.domain.Result<com.alibaba.csp.sentinel.dashboard.datasource.entity.gateway.ApiDefinitionEntity> com.alibaba.csp.sentinel.dashboard.controller.gateway.GatewayApiController.addApi(javax.servlet.http.HttpServletRequest,com.alibaba.csp.sentinel.dashboard.domain.vo.gateway.api.AddApiReqVo)
2022-01-13 17:06:44 [main] INFO  o.s.w.s.m.m.a.RequestMappingHandlerMapping - Mapped "{[/gateway/api/save.json],methods=[POST]}" onto public com.alibaba.csp.sentinel.dashboard.domain.Result<com.alibaba.csp.sentinel.dashboard.datasource.entity.gateway.ApiDefinitionEntity> com.alibaba.csp.sentinel.dashboard.controller.gateway.GatewayApiController.updateApi(com.alibaba.csp.sentinel.dashboard.domain.vo.gateway.api.UpdateApiReqVo)
2022-01-13 17:06:44 [main] INFO  o.s.w.s.m.m.a.RequestMappingHandlerMapping - Mapped "{[/gateway/api/delete.json],methods=[POST]}" onto public com.alibaba.csp.sentinel.dashboard.domain.Result<java.lang.Long> com.alibaba.csp.sentinel.dashboard.controller.gateway.GatewayApiController.deleteApi(java.lang.Long)
2022-01-13 17:06:44 [main] INFO  o.s.w.s.m.m.a.RequestMappingHandlerMapping - Mapped "{[/error]}" onto public org.springframework.http.ResponseEntity<java.util.Map<java.lang.String, java.lang.Object>> org.springframework.boot.autoconfigure.web.servlet.error.BasicErrorController.error(javax.servlet.http.HttpServletRequest)
2022-01-13 17:06:44 [main] INFO  o.s.w.s.m.m.a.RequestMappingHandlerMapping - Mapped "{[/error],produces=[text/html]}" onto public org.springframework.web.servlet.ModelAndView org.springframework.boot.autoconfigure.web.servlet.error.BasicErrorController.errorHtml(javax.servlet.http.HttpServletRequest,javax.servlet.http.HttpServletResponse)
2022-01-13 17:06:44 [main] INFO  o.s.w.s.h.SimpleUrlHandlerMapping - Root mapping to handler of type [class org.springframework.web.servlet.mvc.ParameterizableViewController]
2022-01-13 17:06:44 [main] INFO  o.s.w.s.h.SimpleUrlHandlerMapping - Mapped URL path [/webjars/**] onto handler of type [class org.springframework.web.servlet.resource.ResourceHttpRequestHandler]
2022-01-13 17:06:44 [main] INFO  o.s.w.s.h.SimpleUrlHandlerMapping - Mapped URL path [/**] onto handler of type [class org.springframework.web.servlet.resource.ResourceHttpRequestHandler]
2022-01-13 17:06:44 [main] INFO  o.s.b.t.m.w.SpringBootMockServletContext - Initializing Spring FrameworkServlet ''
2022-01-13 17:06:44 [main] INFO  o.s.t.w.s.TestDispatcherServlet - FrameworkServlet '': initialization started
2022-01-13 17:06:44 [main] INFO  o.s.t.w.s.TestDispatcherServlet - FrameworkServlet '': initialization completed in 12 ms
2022-01-13 17:06:44 [main] INFO  c.a.c.s.d.c.g.GatewayApiControllerTest - Started GatewayApiControllerTest in 2.5 seconds (JVM running for 3.751)
2022-01-13 17:06:45 [main] INFO  o.s.b.t.a.w.s.WebMvcTestContextBootstrapper - Neither @ContextConfiguration nor @ContextHierarchy found for test class [com.alibaba.csp.sentinel.dashboard.controller.gateway.GatewayFlowRuleControllerTest], using SpringBootContextLoader
2022-01-13 17:06:45 [main] INFO  o.s.t.c.s.AbstractContextLoader - Could not detect default resource locations for test class [com.alibaba.csp.sentinel.dashboard.controller.gateway.GatewayFlowRuleControllerTest]: no resource found for suffixes {-context.xml, Context.groovy}.
2022-01-13 17:06:45 [main] INFO  o.s.t.c.s.AnnotationConfigContextLoaderUtils - Could not detect default configuration classes for test class [com.alibaba.csp.sentinel.dashboard.controller.gateway.GatewayFlowRuleControllerTest]: GatewayFlowRuleControllerTest does not declare any static, non-private, non-final, nested classes annotated with @Configuration.
2022-01-13 17:06:45 [main] INFO  o.s.b.t.c.SpringBootTestContextBootstrapper - Found @SpringBootConfiguration com.alibaba.csp.sentinel.dashboard.DashboardApplication for test class com.alibaba.csp.sentinel.dashboard.controller.gateway.GatewayFlowRuleControllerTest
2022-01-13 17:06:45 [main] INFO  o.s.b.t.a.w.s.WebMvcTestContextBootstrapper - Loaded default TestExecutionListener class names from location [META-INF/spring.factories]: [org.springframework.boot.test.mock.mockito.MockitoTestExecutionListener, org.springframework.boot.test.mock.mockito.ResetMocksTestExecutionListener, org.springframework.boot.test.autoconfigure.restdocs.RestDocsTestExecutionListener, org.springframework.boot.test.autoconfigure.web.client.MockRestServiceServerResetTestExecutionListener, org.springframework.boot.test.autoconfigure.web.servlet.MockMvcPrintOnlyOnFailureTestExecutionListener, org.springframework.boot.test.autoconfigure.web.servlet.WebDriverTestExecutionListener, org.springframework.test.context.web.ServletTestExecutionListener, org.springframework.test.context.support.DirtiesContextBeforeModesTestExecutionListener, org.springframework.test.context.support.DependencyInjectionTestExecutionListener, org.springframework.test.context.support.DirtiesContextTestExecutionListener, org.springframework.test.context.transaction.TransactionalTestExecutionListener, org.springframework.test.context.jdbc.SqlScriptsTestExecutionListener]
2022-01-13 17:06:45 [main] INFO  o.s.b.t.a.w.s.WebMvcTestContextBootstrapper - Using TestExecutionListeners: [org.springframework.test.context.web.ServletTestExecutionListener@3238e2aa, org.springframework.test.context.support.DirtiesContextBeforeModesTestExecutionListener@2c7db926, org.springframework.boot.test.mock.mockito.MockitoTestExecutionListener@2577a95d, org.springframework.boot.test.autoconfigure.SpringBootDependencyInjectionTestExecutionListener@1668919e, org.springframework.test.context.support.DirtiesContextTestExecutionListener@63300c4b, org.springframework.boot.test.mock.mockito.ResetMocksTestExecutionListener@22c53d82, org.springframework.boot.test.autoconfigure.restdocs.RestDocsTestExecutionListener@3a6045c6, org.springframework.boot.test.autoconfigure.web.client.MockRestServiceServerResetTestExecutionListener@68d6d775, org.springframework.boot.test.autoconfigure.web.servlet.MockMvcPrintOnlyOnFailureTestExecutionListener@b67cc70, org.springframework.boot.test.autoconfigure.web.servlet.WebDriverTestExecutionListener@45c9b3]
2022-01-13 17:06:45 [main] INFO  c.a.c.s.d.c.g.GatewayFlowRuleControllerTest - Starting GatewayFlowRuleControllerTest on WIN-FTC1UNRSSVA with PID 10632 (started by Administrator in D:\project\Sentinel-1.8.0\sentinel-dashboard)
2022-01-13 17:06:45 [main] INFO  c.a.c.s.d.c.g.GatewayFlowRuleControllerTest - No active profile set, falling back to default profiles: default
2022-01-13 17:06:45 [main] INFO  o.s.w.c.s.GenericWebApplicationContext - Refreshing org.springframework.web.context.support.GenericWebApplicationContext@7ddd84b5: startup date [Thu Jan 13 17:06:45 CST 2022]; root of context hierarchy
2022-01-13 17:06:45 [main] INFO  c.a.c.s.dashboard.config.WebConfig - Sentinel servlet CommonFilter registered
2022-01-13 17:06:45 [main] INFO  o.s.w.s.h.SimpleUrlHandlerMapping - Mapped URL path [/**/favicon.ico] onto handler of type [class org.springframework.web.servlet.resource.ResourceHttpRequestHandler]
2022-01-13 17:06:45 [main] INFO  o.s.w.s.m.m.a.RequestMappingHandlerAdapter - Looking for @ControllerAdvice: org.springframework.web.context.support.GenericWebApplicationContext@7ddd84b5: startup date [Thu Jan 13 17:06:45 CST 2022]; root of context hierarchy
2022-01-13 17:06:45 [main] INFO  o.s.w.s.m.m.a.RequestMappingHandlerMapping - Mapped "{[/gateway/flow/new.json],methods=[POST]}" onto public com.alibaba.csp.sentinel.dashboard.domain.Result<com.alibaba.csp.sentinel.dashboard.datasource.entity.gateway.GatewayFlowRuleEntity> com.alibaba.csp.sentinel.dashboard.controller.gateway.GatewayFlowRuleController.addFlowRule(com.alibaba.csp.sentinel.dashboard.domain.vo.gateway.rule.AddFlowRuleReqVo)
2022-01-13 17:06:45 [main] INFO  o.s.w.s.m.m.a.RequestMappingHandlerMapping - Mapped "{[/gateway/flow/save.json],methods=[POST]}" onto public com.alibaba.csp.sentinel.dashboard.domain.Result<com.alibaba.csp.sentinel.dashboard.datasource.entity.gateway.GatewayFlowRuleEntity> com.alibaba.csp.sentinel.dashboard.controller.gateway.GatewayFlowRuleController.updateFlowRule(com.alibaba.csp.sentinel.dashboard.domain.vo.gateway.rule.UpdateFlowRuleReqVo)
2022-01-13 17:06:45 [main] INFO  o.s.w.s.m.m.a.RequestMappingHandlerMapping - Mapped "{[/gateway/flow/list.json],methods=[GET]}" onto public com.alibaba.csp.sentinel.dashboard.domain.Result<java.util.List<com.alibaba.csp.sentinel.dashboard.datasource.entity.gateway.GatewayFlowRuleEntity>> com.alibaba.csp.sentinel.dashboard.controller.gateway.GatewayFlowRuleController.queryFlowRules(java.lang.String,java.lang.String,java.lang.Integer)
2022-01-13 17:06:45 [main] INFO  o.s.w.s.m.m.a.RequestMappingHandlerMapping - Mapped "{[/gateway/flow/delete.json],methods=[POST]}" onto public com.alibaba.csp.sentinel.dashboard.domain.Result<java.lang.Long> com.alibaba.csp.sentinel.dashboard.controller.gateway.GatewayFlowRuleController.deleteFlowRule(java.lang.Long)
2022-01-13 17:06:45 [main] INFO  o.s.w.s.m.m.a.RequestMappingHandlerMapping - Mapped "{[/error]}" onto public org.springframework.http.ResponseEntity<java.util.Map<java.lang.String, java.lang.Object>> org.springframework.boot.autoconfigure.web.servlet.error.BasicErrorController.error(javax.servlet.http.HttpServletRequest)
2022-01-13 17:06:45 [main] INFO  o.s.w.s.m.m.a.RequestMappingHandlerMapping - Mapped "{[/error],produces=[text/html]}" onto public org.springframework.web.servlet.ModelAndView org.springframework.boot.autoconfigure.web.servlet.error.BasicErrorController.errorHtml(javax.servlet.http.HttpServletRequest,javax.servlet.http.HttpServletResponse)
2022-01-13 17:06:45 [main] INFO  o.s.w.s.h.SimpleUrlHandlerMapping - Root mapping to handler of type [class org.springframework.web.servlet.mvc.ParameterizableViewController]
2022-01-13 17:06:45 [main] INFO  o.s.w.s.h.SimpleUrlHandlerMapping - Mapped URL path [/webjars/**] onto handler of type [class org.springframework.web.servlet.resource.ResourceHttpRequestHandler]
2022-01-13 17:06:45 [main] INFO  o.s.w.s.h.SimpleUrlHandlerMapping - Mapped URL path [/**] onto handler of type [class org.springframework.web.servlet.resource.ResourceHttpRequestHandler]
2022-01-13 17:06:45 [main] INFO  o.s.b.t.m.w.SpringBootMockServletContext - Initializing Spring FrameworkServlet ''
2022-01-13 17:06:45 [main] INFO  o.s.t.w.s.TestDispatcherServlet - FrameworkServlet '': initialization started
2022-01-13 17:06:45 [main] INFO  o.s.t.w.s.TestDispatcherServlet - FrameworkServlet '': initialization completed in 9 ms
2022-01-13 17:06:45 [main] INFO  c.a.c.s.d.c.g.GatewayFlowRuleControllerTest - Started GatewayFlowRuleControllerTest in 0.744 seconds (JVM running for 5.22)
2022-01-13 17:06:47 [Thread-2] INFO  o.s.w.c.s.GenericWebApplicationContext - Closing org.springframework.web.context.support.GenericWebApplicationContext@7c51f34b: startup date [Thu Jan 13 17:06:42 CST 2022]; root of context hierarchy
2022-01-13 17:06:47 [Thread-7] INFO  o.s.w.c.s.GenericWebApplicationContext - Closing org.springframework.web.context.support.GenericWebApplicationContext@7ddd84b5: startup date [Thu Jan 13 17:06:45 CST 2022]; root of context hierarchy
